<?xml version="1.0" encoding="UTF-8"?>
<testsuite xmlns:xsi="http://www.w3.org/2001/XMLSchema-instance" xsi:noNamespaceSchemaLocation="https://maven.apache.org/surefire/maven-surefire-plugin/xsd/surefire-test-report.xsd" name="TestSuite" time="34.116" tests="5" errors="0" skipped="0" failures="0">
  <properties>
[...]
</properties>
  <testcase name="googleSearchTest" classname="FirstTest" time="12.434"/>
  <testcase name="ClickHCLPageTest" classname="FirstTest" time="5.32"/>
  <testcase name="GameBaseTest" classname="FirstTest" time="2.943"/>
  <testcase name="ShopTest" classname="FirstTest" time="3.601"/>
  <testcase name="LoginTest" classname="FirstTest" time="6.952"/>
</testsuite>