<?xml version="1.0" encoding="UTF-8"?>
<testng-results ignored="0" total="5" passed="5" failed="0" skipped="0">
  <reporter-output>
  </reporter-output>
  <suite started-at="2025-02-02T11:08:31Z" name="AllTestsSuite" finished-at="2025-02-02T11:09:05Z" duration-ms="33719">
    <groups>
    </groups>
    <test started-at="2025-02-02T11:08:31Z" name="Testing_OA" finished-at="2025-02-02T11:09:05Z" duration-ms="33719">
      <class name="FirstTest">
        <test-method is-config="true" signature="setupTest()[pri:0, instance:FirstTest@56de5251]" started-at="2025-02-02T11:08:31Z" name="setupTest" finished-at="2025-02-02T11:08:33Z" duration-ms="2067" status="PASS">
          <reporter-output>
          </reporter-output>
        </test-method> <!-- setupTest -->
        <test-method signature="googleSearchTest()[pri:1, instance:FirstTest@56de5251]" started-at="2025-02-02T11:08:33Z" name="googleSearchTest" finished-at="2025-02-02T11:08:46Z" duration-ms="12433" status="PASS">
          <reporter-output>
          </reporter-output>
        </test-method> <!-- googleSearchTest -->
        <test-method signature="ClickHCLPageTest()[pri:2, instance:FirstTest@56de5251]" started-at="2025-02-02T11:08:46Z" name="ClickHCLPageTest" finished-at="2025-02-02T11:08:51Z" duration-ms="5320" status="PASS">
          <reporter-output>
          </reporter-output>
        </test-method> <!-- ClickHCLPageTest -->
        <test-method signature="GameBaseTest()[pri:3, instance:FirstTest@56de5251]" started-at="2025-02-02T11:08:51Z" name="GameBaseTest" finished-at="2025-02-02T11:08:54Z" duration-ms="2942" status="PASS">
          <reporter-output>
          </reporter-output>
        </test-method> <!-- GameBaseTest -->
        <test-method signature="ShopTest()[pri:4, instance:FirstTest@56de5251]" started-at="2025-02-02T11:08:54Z" name="ShopTest" finished-at="2025-02-02T11:08:57Z" duration-ms="3600" status="PASS">
          <reporter-output>
          </reporter-output>
        </test-method> <!-- ShopTest -->
        <test-method signature="LoginTest()[pri:5, instance:FirstTest@56de5251]" started-at="2025-02-02T11:08:57Z" name="LoginTest" finished-at="2025-02-02T11:09:04Z" duration-ms="6952" status="PASS">
          <reporter-output>
          </reporter-output>
        </test-method> <!-- LoginTest -->
        <test-method is-config="true" signature="teardownTest()[pri:0, instance:FirstTest@56de5251]" started-at="2025-02-02T11:09:04Z" name="teardownTest" finished-at="2025-02-02T11:09:05Z" duration-ms="388" status="PASS">
          <reporter-output>
          </reporter-output>
        </test-method> <!-- teardownTest -->
      </class> <!-- FirstTest -->
    </test> <!-- Testing_OA -->
  </suite> <!-- AllTestsSuite -->
</testng-results>
