<?xml version="1.0" encoding="UTF-8"?>
<!-- Generated by org.testng.reporters.JUnitXMLReporter -->
<testsuite ignored="0" hostname="DESKTOP-4735GJD" failures="0" tests="5" name="Testing_OA" time="33.719" errors="0" timestamp="02 Feb 2025 11:09:05 GMT">
  <testcase classname="FirstTest" name="googleSearchTest" time="12.433"/>
  <testcase classname="FirstTest" name="ClickHCLPageTest" time="5.32"/>
  <testcase classname="FirstTest" name="GameBaseTest" time="2.942"/>
  <testcase classname="FirstTest" name="ShopTest" time="3.6"/>
  <testcase classname="FirstTest" name="LoginTest" time="6.952"/>
</testsuite> <!-- Testing_OA -->
